  Player.cpp
c:\users\erik.wapner\documents\github\turn-based-game-c--\turn based game\turn based game\growingarray.h(64): warning C5037: 'GrowingArray<TObjectType,TSizeType>::GrowingArray': an out-of-line definition of a member of a class template cannot have default arguments
c:\users\erik.wapner\documents\github\turn-based-game-c--\turn based game\turn based game\growingarray.h(139): warning C5037: 'GrowingArray<TObjectType,TSizeType>::Insert': an out-of-line definition of a member of a class template cannot have default arguments
c:\users\erik.wapner\documents\github\turn-based-game-c--\turn based game\turn based game\player.cpp(24): warning C4244: '=': conversion from 'int' to 'float', possible loss of data
c:\users\erik.wapner\documents\github\turn-based-game-c--\turn based game\turn based game\player.cpp(53): warning C4244: '=': conversion from 'int' to 'float', possible loss of data
c:\users\erik.wapner\documents\github\turn-based-game-c--\turn based game\turn based game\player.cpp(54): warning C4244: '=': conversion from 'int' to 'float', possible loss of data
  Entity.cpp
c:\users\erik.wapner\documents\github\turn-based-game-c--\turn based game\turn based game\growingarray.h(64): warning C5037: 'GrowingArray<TObjectType,TSizeType>::GrowingArray': an out-of-line definition of a member of a class template cannot have default arguments
c:\users\erik.wapner\documents\github\turn-based-game-c--\turn based game\turn based game\growingarray.h(139): warning C5037: 'GrowingArray<TObjectType,TSizeType>::Insert': an out-of-line definition of a member of a class template cannot have default arguments
c:\users\erik.wapner\documents\github\turn-based-game-c--\turn based game\turn based game\entity.cpp(146): warning C4244: 'return': conversion from 'float' to 'int', possible loss of data
c:\users\erik.wapner\documents\github\turn-based-game-c--\turn based game\turn based game\entity.cpp(151): warning C4244: 'return': conversion from 'float' to 'int', possible loss of data
c:\users\erik.wapner\documents\github\turn-based-game-c--\turn based game\turn based game\entity.cpp(209): warning C4244: 'return': conversion from 'double' to 'float', possible loss of data
c:\users\erik.wapner\documents\github\turn-based-game-c--\turn based game\turn based game\entity.cpp(214): warning C4244: 'return': conversion from 'double' to 'float', possible loss of data
  Generating Code...
c:\users\erik.wapner\documents\github\turn-based-game-c--\turn based game\turn based game\growingarray.h(287): warning C4172: returning address of local variable or temporary
  Compiling...
  main.cpp
c:\users\erik.wapner\documents\github\turn-based-game-c--\turn based game\turn based game\growingarray.h(64): warning C5037: 'GrowingArray<TObjectType,TSizeType>::GrowingArray': an out-of-line definition of a member of a class template cannot have default arguments
c:\users\erik.wapner\documents\github\turn-based-game-c--\turn based game\turn based game\growingarray.h(139): warning C5037: 'GrowingArray<TObjectType,TSizeType>::Insert': an out-of-line definition of a member of a class template cannot have default arguments
  TileSet.cpp
c:\users\erik.wapner\documents\github\turn-based-game-c--\turn based game\turn based game\growingarray.h(64): warning C5037: 'GrowingArray<TObjectType,TSizeType>::GrowingArray': an out-of-line definition of a member of a class template cannot have default arguments
c:\users\erik.wapner\documents\github\turn-based-game-c--\turn based game\turn based game\growingarray.h(139): warning C5037: 'GrowingArray<TObjectType,TSizeType>::Insert': an out-of-line definition of a member of a class template cannot have default arguments
c:\users\erik.wapner\documents\github\turn-based-game-c--\turn based game\turn based game\tileset.cpp(25): warning C4018: '<': signed/unsigned mismatch
c:\users\erik.wapner\documents\github\turn-based-game-c--\turn based game\turn based game\tileset.cpp(29): warning C4018: '<': signed/unsigned mismatch
c:\users\erik.wapner\documents\github\turn-based-game-c--\turn based game\turn based game\tileset.cpp(42): warning C4018: '<': signed/unsigned mismatch
c:\users\erik.wapner\documents\github\turn-based-game-c--\turn based game\turn based game\tileset.cpp(44): warning C4018: '<': signed/unsigned mismatch
  Generating Code...
c:\users\erik.wapner\documents\github\turn-based-game-c--\turn based game\turn based game\growingarray.h(287): warning C4172: returning address of local variable or temporary
c:\users\erik.wapner\documents\github\turn-based-game-c--\turn based game\turn based game\growingarray.h(287): warning C4172: returning address of local variable or temporary
c:\users\erik.wapner\documents\github\turn-based-game-c--\turn based game\turn based game\growingarray.h(287): warning C4172: returning address of local variable or temporary
  Turn Based Game.vcxproj -> C:\Users\erik.wapner\Documents\GitHub\Turn-Based-Game-C--\Turn Based Game\Debug\Turn Based Game.exe
